2024-12-19 16:50:26,533 - INFO - Starting main job orchestration...
2024-12-19 16:50:26,536 - INFO - Executing data fetching job...
2024-12-19 16:50:27,485 - INFO - Job execution complete.
2024-12-19 16:50:47,826 - INFO - Starting main job orchestration...
2024-12-19 16:50:47,827 - INFO - Executing data comparison job...
2024-12-19 16:50:47,829 - INFO - Running data_fetcher.py from: C:\Users\veena.prabhakar\OneDrive - Jisc\Documents\International Data\OECD\Functions\data_fetcher.py
2024-12-19 16:50:50,285 - INFO - New data fetched successfully. Proceeding to compare changes...
2024-12-19 16:50:50,285 - INFO - Old file not found. Creating baseline...
2024-12-19 16:50:50,287 - INFO - Baseline file created successfully.
2024-12-19 16:50:50,287 - INFO - Executing API data download for New Inserts...
2024-12-19 16:50:50,289 - INFO - No data changes file found: 'C:\Users\veena.prabhakar\OneDrive - Jisc\Documents\International Data\OECD\data\data_changes.xlsx'
2024-12-19 16:50:50,290 - INFO - Job execution complete.
2024-12-19 16:53:58,826 - INFO - Starting main job orchestration...
2024-12-19 16:53:58,827 - INFO - Executing data comparison job...
2024-12-19 16:53:58,829 - INFO - Running data_fetcher.py from: C:\Users\veena.prabhakar\OneDrive - Jisc\Documents\International Data\OECD\Functions\data_fetcher.py
2024-12-19 16:54:00,971 - INFO - New data fetched successfully. Proceeding to compare changes...
2024-12-19 16:54:00,971 - INFO - Comparing old and new data files...
2024-12-19 16:54:00,972 - INFO - Loading old data file: C:\Users\veena.prabhakar\OneDrive - Jisc\Documents\International Data\OECD\data\all_dataflows_previous.xlsx
2024-12-19 16:54:01,307 - INFO - Loading new data file: C:\Users\veena.prabhakar\OneDrive - Jisc\Documents\International Data\OECD\data\all_dataflows_new.xlsx
2024-12-19 16:54:01,473 - INFO - Merging old and new data for comparison...
2024-12-19 16:54:01,487 - INFO - Identifying updated records...
2024-12-19 16:54:01,487 - INFO - Filtering rows with no changes...
2024-12-19 16:54:01,489 - INFO - Sorting records by columns...
2024-12-19 16:54:01,565 - INFO - Changes saved successfully to C:\Users\veena.prabhakar\OneDrive - Jisc\Documents\International Data\OECD\data\data_changes.xlsx
2024-12-19 16:54:01,568 - INFO - Archived all_dataflows_previous.xlsx to C:\Users\veena.prabhakar\OneDrive - Jisc\Documents\International Data\OECD\data\archive\old_data_20241219_165401.xlsx
2024-12-19 16:54:01,570 - INFO - Old file successfully updated with new data.
2024-12-19 16:54:01,570 - INFO - Executing API data download for New Inserts...
2024-12-19 16:54:01,573 - INFO - Loading data changes file: C:\Users\veena.prabhakar\OneDrive - Jisc\Documents\International Data\OECD\data\data_changes.xlsx
2024-12-19 16:54:01,587 - INFO - Downloading data from: https://sdmx.oecd.org/public/rest/data/ESTAT,SEEA_AEA_A?format=csvfilewithlabels
2024-12-19 16:54:04,151 - INFO - Data successfully saved to: C:\Users\veena.prabhakar\OneDrive - Jisc\Documents\International Data\OECD\output\ESTAT_SEEA_AEA_A_ALL.csv
2024-12-19 16:54:04,152 - INFO - Downloading metadata from: https://sdmx.oecd.org/public/rest/dataflow/ESTAT/SEEA_AEA_A/1.4?references=all
2024-12-19 16:54:04,306 - INFO - Metadata successfully saved to: C:\Users\veena.prabhakar\OneDrive - Jisc\Documents\International Data\OECD\output\ESTAT_SEEA_AEA_A_metadata.xml
2024-12-19 16:54:04,307 - INFO - Completed download for Dataflow ID: SEEA_AEA_A, Agency ID: ESTAT, Version: 1.4
2024-12-19 16:54:04,307 - INFO - --------------------------------------------------------------------------------
2024-12-19 16:54:04,364 - INFO - Job execution complete.
2024-12-19 16:56:34,874 - INFO - Starting main job orchestration...
2024-12-19 16:56:34,875 - INFO - Executing data comparison job...
2024-12-19 16:56:34,877 - INFO - Running data_fetcher.py from: C:\Users\veena.prabhakar\OneDrive - Jisc\Documents\International Data\OECD\Functions\data_fetcher.py
2024-12-19 16:56:37,307 - INFO - New data fetched successfully. Proceeding to compare changes...
2024-12-19 16:56:37,308 - INFO - Comparing old and new data files...
2024-12-19 16:56:37,308 - INFO - Loading old data file: C:\Users\veena.prabhakar\OneDrive - Jisc\Documents\International Data\OECD\data\all_dataflows_previous.xlsx
2024-12-19 16:56:37,683 - INFO - Loading new data file: C:\Users\veena.prabhakar\OneDrive - Jisc\Documents\International Data\OECD\data\all_dataflows_new.xlsx
2024-12-19 16:56:37,841 - INFO - Merging old and new data for comparison...
2024-12-19 16:56:37,850 - INFO - Identifying updated records...
2024-12-19 16:56:37,851 - INFO - Filtering rows with no changes...
2024-12-19 16:56:37,852 - INFO - Sorting records by columns...
2024-12-19 16:56:37,856 - INFO - Archived data_changes.xlsx to C:\Users\veena.prabhakar\OneDrive - Jisc\Documents\International Data\OECD\data\archive\data_changes_20241219_165637.xlsx
2024-12-19 16:56:37,880 - INFO - Changes saved successfully to C:\Users\veena.prabhakar\OneDrive - Jisc\Documents\International Data\OECD\data\data_changes.xlsx
2024-12-19 16:56:37,885 - INFO - Archived all_dataflows_previous.xlsx to C:\Users\veena.prabhakar\OneDrive - Jisc\Documents\International Data\OECD\data\archive\old_data_20241219_165637.xlsx
2024-12-19 16:56:37,889 - INFO - Old file successfully updated with new data.
2024-12-19 16:56:37,923 - INFO - Executing API data download for New Inserts...
2024-12-19 16:56:37,926 - INFO - Loading data changes file: C:\Users\veena.prabhakar\OneDrive - Jisc\Documents\International Data\OECD\data\data_changes.xlsx
2024-12-19 16:56:37,996 - INFO - Downloading data from: https://sdmx.oecd.org/public/rest/data/OECD.CFE.EDS,DSD_FUA_CLIM@DF_COASTAL_FLOOD?format=csvfilewithlabels
2024-12-19 16:56:52,626 - INFO - Data successfully saved to: C:\Users\veena.prabhakar\OneDrive - Jisc\Documents\International Data\OECD\output\OECD.CFE.EDS_DSD_FUA_CLIM@DF_COASTAL_FLOOD_ALL.csv
2024-12-19 16:56:52,627 - INFO - Downloading metadata from: https://sdmx.oecd.org/public/rest/dataflow/OECD.CFE.EDS/DSD_FUA_CLIM@DF_COASTAL_FLOOD/1?references=all
2024-12-19 16:56:52,757 - INFO - Metadata successfully saved to: C:\Users\veena.prabhakar\OneDrive - Jisc\Documents\International Data\OECD\output\OECD.CFE.EDS_DSD_FUA_CLIM@DF_COASTAL_FLOOD_metadata.xml
2024-12-19 16:56:52,758 - INFO - Completed download for Dataflow ID: DSD_FUA_CLIM@DF_COASTAL_FLOOD, Agency ID: OECD.CFE.EDS, Version: 1
2024-12-19 16:56:52,758 - INFO - --------------------------------------------------------------------------------
2024-12-19 16:56:52,763 - INFO - Job execution complete.
2024-12-19 16:59:37,253 - INFO - Starting main job orchestration...
2024-12-19 16:59:37,254 - INFO - Executing data fetching job...
2024-12-19 16:59:38,079 - INFO - Job execution complete.
2024-12-19 17:00:08,539 - INFO - Starting main job orchestration...
2024-12-19 17:00:08,540 - INFO - Executing data comparison job...
2024-12-19 17:00:08,542 - INFO - Running data_fetcher.py from: C:\Users\veena.prabhakar\OneDrive - Jisc\Documents\International Data\OECD\Functions\data_fetcher.py
2024-12-19 17:00:10,758 - INFO - New data fetched successfully. Proceeding to compare changes...
2024-12-19 17:00:10,759 - INFO - Old file not found. Creating baseline...
2024-12-19 17:00:10,761 - INFO - Baseline file created successfully.
2024-12-19 17:00:10,762 - INFO - Executing API data download for New Inserts...
2024-12-19 17:00:10,764 - INFO - No data changes file found: 'C:\Users\veena.prabhakar\OneDrive - Jisc\Documents\International Data\OECD\data\data_changes.xlsx'
2024-12-19 17:00:10,765 - INFO - Job execution complete.
2024-12-19 17:05:39,287 - INFO - Starting main job orchestration...
2024-12-19 17:05:39,288 - ERROR - Configuration file not found at: C:\Users\veena.prabhakar\OneDrive - Jisc\Documents\International Data\config.yaml
2024-12-19 17:07:44,159 - INFO - Starting main job orchestration...
2024-12-19 17:07:44,161 - INFO - Executing data fetching job...
2024-12-19 17:07:44,997 - INFO - Renaming C:\Users\veena.prabhakar\OneDrive - Jisc\Documents\International Data\OECD\data\all_dataflows_new.xlsx to C:\Users\veena.prabhakar\OneDrive - Jisc\Documents\International Data\OECD\data\all_dataflows_previous.xlsx
2024-12-19 17:07:44,999 - INFO - File renamed successfully: C:\Users\veena.prabhakar\OneDrive - Jisc\Documents\International Data\OECD\data\all_dataflows_new.xlsx -> C:\Users\veena.prabhakar\OneDrive - Jisc\Documents\International Data\OECD\data\all_dataflows_previous.xlsx
2024-12-19 17:07:45,000 - INFO - Job execution complete.
2024-12-19 17:08:15,482 - INFO - Starting main job orchestration...
2024-12-19 17:08:15,483 - INFO - Executing data comparison job...
2024-12-19 17:08:15,485 - INFO - Running data_fetcher.py from: C:\Users\veena.prabhakar\OneDrive - Jisc\Documents\International Data\OECD\Functions\data_fetcher.py
2024-12-19 17:08:17,734 - INFO - New data fetched successfully. Proceeding to compare changes...
2024-12-19 17:08:17,734 - INFO - Comparing old and new data files...
2024-12-19 17:08:17,735 - INFO - Loading old data file: C:\Users\veena.prabhakar\OneDrive - Jisc\Documents\International Data\OECD\data\all_dataflows_previous.xlsx
2024-12-19 17:08:18,076 - INFO - Loading new data file: C:\Users\veena.prabhakar\OneDrive - Jisc\Documents\International Data\OECD\data\all_dataflows_new.xlsx
2024-12-19 17:08:18,227 - INFO - Merging old and new data for comparison...
2024-12-19 17:08:18,239 - INFO - Identifying updated records...
2024-12-19 17:08:18,240 - INFO - Filtering rows with no changes...
2024-12-19 17:08:18,242 - INFO - Sorting records by columns...
2024-12-19 17:08:18,265 - INFO - Changes saved successfully to C:\Users\veena.prabhakar\OneDrive - Jisc\Documents\International Data\OECD\data\data_changes.xlsx
2024-12-19 17:08:18,271 - INFO - Archived all_dataflows_previous.xlsx to C:\Users\veena.prabhakar\OneDrive - Jisc\Documents\International Data\OECD\data\archive\old_data_20241219_170818.xlsx
2024-12-19 17:08:18,276 - INFO - Old file successfully updated with new data.
2024-12-19 17:08:18,276 - INFO - Executing API data download for New Inserts...
2024-12-19 17:08:18,279 - INFO - Loading data changes file: C:\Users\veena.prabhakar\OneDrive - Jisc\Documents\International Data\OECD\data\data_changes.xlsx
2024-12-19 17:08:18,291 - INFO - Downloading data from: https://sdmx.oecd.org/public/rest/data/ESTAT,SEEA_AEA_A?format=csvfilewithlabels
2024-12-19 17:08:20,894 - INFO - Data successfully saved to: C:\Users\veena.prabhakar\OneDrive - Jisc\Documents\International Data\OECD\output\ESTAT_SEEA_AEA_A_ALL.csv
2024-12-19 17:08:20,895 - INFO - Downloading metadata from: https://sdmx.oecd.org/public/rest/dataflow/ESTAT/SEEA_AEA_A/1.4?references=all
2024-12-19 17:08:21,009 - INFO - Metadata successfully saved to: C:\Users\veena.prabhakar\OneDrive - Jisc\Documents\International Data\OECD\output\ESTAT_SEEA_AEA_A_metadata.xml
2024-12-19 17:08:21,010 - INFO - Completed download for Dataflow ID: SEEA_AEA_A, Agency ID: ESTAT, Version: 1.4
2024-12-19 17:08:21,011 - INFO - --------------------------------------------------------------------------------
2024-12-19 17:08:21,078 - INFO - Job execution complete.
2024-12-19 17:11:31,010 - INFO - Starting main job orchestration...
2024-12-19 17:11:31,011 - INFO - Executing data comparison job...
2024-12-19 17:11:31,013 - INFO - Running data_fetcher.py from: C:\Users\veena.prabhakar\OneDrive - Jisc\Documents\International Data\OECD\Functions\data_fetcher.py
2024-12-19 17:11:33,326 - INFO - New data fetched successfully. Proceeding to compare changes...
2024-12-19 17:11:33,327 - INFO - Comparing old and new data files...
2024-12-19 17:11:33,328 - INFO - Loading old data file: C:\Users\veena.prabhakar\OneDrive - Jisc\Documents\International Data\OECD\data\all_dataflows_previous.xlsx
2024-12-19 17:11:33,700 - INFO - Loading new data file: C:\Users\veena.prabhakar\OneDrive - Jisc\Documents\International Data\OECD\data\all_dataflows_new.xlsx
2024-12-19 17:11:33,860 - INFO - Merging old and new data for comparison...
2024-12-19 17:11:33,870 - INFO - Identifying updated records...
2024-12-19 17:11:33,871 - INFO - Filtering rows with no changes...
2024-12-19 17:11:33,873 - INFO - Sorting records by columns...
2024-12-19 17:11:33,879 - INFO - Archived data_changes.xlsx to C:\Users\veena.prabhakar\OneDrive - Jisc\Documents\International Data\OECD\data\archive\data_changes_20241219_171133.xlsx
2024-12-19 17:11:33,910 - INFO - Changes saved successfully to C:\Users\veena.prabhakar\OneDrive - Jisc\Documents\International Data\OECD\data\data_changes.xlsx
2024-12-19 17:11:33,917 - INFO - Archived all_dataflows_previous.xlsx to C:\Users\veena.prabhakar\OneDrive - Jisc\Documents\International Data\OECD\data\archive\old_data_20241219_171133.xlsx
2024-12-19 17:11:33,920 - INFO - Old file successfully updated with new data.
2024-12-19 17:11:33,921 - INFO - Executing API data download for New Inserts...
2024-12-19 17:11:33,924 - INFO - Loading data changes file: C:\Users\veena.prabhakar\OneDrive - Jisc\Documents\International Data\OECD\data\data_changes.xlsx
2024-12-19 17:11:33,981 - INFO - Downloading data from: https://sdmx.oecd.org/public/rest/data/OECD.CFE.EDS,DSD_FUA_CLIM@DF_COASTAL_FLOOD?format=csvfilewithlabels
2024-12-19 17:11:34,331 - INFO - Data successfully saved to: C:\Users\veena.prabhakar\OneDrive - Jisc\Documents\International Data\OECD\output\OECD.CFE.EDS_DSD_FUA_CLIM@DF_COASTAL_FLOOD_ALL.csv
2024-12-19 17:11:34,332 - INFO - Downloading metadata from: https://sdmx.oecd.org/public/rest/dataflow/OECD.CFE.EDS/DSD_FUA_CLIM@DF_COASTAL_FLOOD/1?references=all
2024-12-19 17:11:34,468 - INFO - Metadata successfully saved to: C:\Users\veena.prabhakar\OneDrive - Jisc\Documents\International Data\OECD\output\OECD.CFE.EDS_DSD_FUA_CLIM@DF_COASTAL_FLOOD_metadata.xml
2024-12-19 17:11:34,468 - INFO - Completed download for Dataflow ID: DSD_FUA_CLIM@DF_COASTAL_FLOOD, Agency ID: OECD.CFE.EDS, Version: 1
2024-12-19 17:11:34,469 - INFO - --------------------------------------------------------------------------------
2024-12-19 17:11:34,474 - INFO - Job execution complete.
2024-12-19 17:17:14,746 - INFO - Starting main job orchestration...
2024-12-19 17:17:14,747 - INFO - Executing data comparison job...
2024-12-19 17:17:14,749 - INFO - Archiving old file: C:\Users\veena.prabhakar\OneDrive - Jisc\Documents\International Data\OECD\data\all_dataflows_previous.xlsx
2024-12-19 17:17:14,753 - INFO - Archived all_dataflows_previous.xlsx to C:\Users\veena.prabhakar\OneDrive - Jisc\Documents\International Data\OECD\data\archive\old_data_20241219_171714.xlsx
2024-12-19 17:17:14,753 - INFO - Running data_fetcher.py from: C:\Users\veena.prabhakar\OneDrive - Jisc\Documents\International Data\OECD\Functions\data_fetcher.py
2024-12-19 17:17:17,129 - INFO - New data fetched successfully. Proceeding to compare changes...
2024-12-19 17:17:17,130 - INFO - Old file not found. Creating baseline...
2024-12-19 17:17:17,132 - INFO - Baseline file created successfully.
2024-12-19 17:17:17,133 - INFO - Executing API data download for New Inserts...
2024-12-19 17:17:17,135 - INFO - Loading data changes file: C:\Users\veena.prabhakar\OneDrive - Jisc\Documents\International Data\OECD\data\data_changes.xlsx
2024-12-19 17:17:17,593 - INFO - Downloading data from: https://sdmx.oecd.org/public/rest/data/OECD.CFE.EDS,DSD_FUA_CLIM@DF_COASTAL_FLOOD?format=csvfilewithlabels
2024-12-19 17:17:17,970 - INFO - Data successfully saved to: C:\Users\veena.prabhakar\OneDrive - Jisc\Documents\International Data\OECD\output\OECD.CFE.EDS_DSD_FUA_CLIM@DF_COASTAL_FLOOD_ALL.csv
2024-12-19 17:17:17,971 - INFO - Downloading metadata from: https://sdmx.oecd.org/public/rest/dataflow/OECD.CFE.EDS/DSD_FUA_CLIM@DF_COASTAL_FLOOD/1?references=all
2024-12-19 17:17:18,102 - INFO - Metadata successfully saved to: C:\Users\veena.prabhakar\OneDrive - Jisc\Documents\International Data\OECD\output\OECD.CFE.EDS_DSD_FUA_CLIM@DF_COASTAL_FLOOD_metadata.xml
2024-12-19 17:17:18,102 - INFO - Completed download for Dataflow ID: DSD_FUA_CLIM@DF_COASTAL_FLOOD, Agency ID: OECD.CFE.EDS, Version: 1
2024-12-19 17:17:18,103 - INFO - --------------------------------------------------------------------------------
2024-12-19 17:17:18,111 - INFO - Job execution complete.
2024-12-19 17:18:44,526 - INFO - Starting main job orchestration...
2024-12-19 17:18:44,527 - INFO - Executing data comparison job...
2024-12-19 17:18:44,530 - INFO - Archiving old file: C:\Users\veena.prabhakar\OneDrive - Jisc\Documents\International Data\OECD\data\all_dataflows_previous.xlsx
2024-12-19 17:18:44,533 - INFO - Archived all_dataflows_previous.xlsx to C:\Users\veena.prabhakar\OneDrive - Jisc\Documents\International Data\OECD\data\archive\old_data_20241219_171844.xlsx
2024-12-19 17:18:44,534 - INFO - Running data_fetcher.py from: C:\Users\veena.prabhakar\OneDrive - Jisc\Documents\International Data\OECD\Functions\data_fetcher.py
2024-12-19 17:18:46,883 - INFO - New data fetched successfully. Proceeding to compare changes...
2024-12-19 17:18:46,884 - INFO - Old file not found. Creating baseline...
2024-12-19 17:18:46,888 - INFO - Baseline file created successfully.
2024-12-19 17:18:46,889 - INFO - Executing API data download for New Inserts...
2024-12-19 17:18:46,891 - INFO - Loading data changes file: C:\Users\veena.prabhakar\OneDrive - Jisc\Documents\International Data\OECD\data\data_changes.xlsx
2024-12-19 17:18:47,392 - INFO - Downloading data from: https://sdmx.oecd.org/public/rest/data/OECD.CFE.EDS,DSD_FUA_CLIM@DF_COASTAL_FLOOD?format=csvfilewithlabels
2024-12-19 17:18:47,781 - INFO - Data successfully saved to: C:\Users\veena.prabhakar\OneDrive - Jisc\Documents\International Data\OECD\output\OECD.CFE.EDS_DSD_FUA_CLIM@DF_COASTAL_FLOOD_ALL.csv
2024-12-19 17:18:47,782 - INFO - Downloading metadata from: https://sdmx.oecd.org/public/rest/dataflow/OECD.CFE.EDS/DSD_FUA_CLIM@DF_COASTAL_FLOOD/1?references=all
2024-12-19 17:18:47,912 - INFO - Metadata successfully saved to: C:\Users\veena.prabhakar\OneDrive - Jisc\Documents\International Data\OECD\output\OECD.CFE.EDS_DSD_FUA_CLIM@DF_COASTAL_FLOOD_metadata.xml
2024-12-19 17:18:47,913 - INFO - Completed download for Dataflow ID: DSD_FUA_CLIM@DF_COASTAL_FLOOD, Agency ID: OECD.CFE.EDS, Version: 1
2024-12-19 17:18:47,913 - INFO - --------------------------------------------------------------------------------
2024-12-19 17:18:47,918 - INFO - Job execution complete.
2024-12-19 17:22:03,842 - INFO - Starting main job orchestration...
2024-12-19 17:22:03,843 - INFO - Executing data comparison job...
2024-12-19 17:22:03,846 - INFO - Running data_fetcher.py from: C:\Users\veena.prabhakar\OneDrive - Jisc\Documents\International Data\OECD\Functions\data_fetcher.py
2024-12-19 17:22:06,897 - INFO - New data fetched successfully. Proceeding to compare changes...
2024-12-19 17:22:06,898 - INFO - Comparing old and new data files...
2024-12-19 17:22:06,899 - INFO - Loading old data file: C:\Users\veena.prabhakar\OneDrive - Jisc\Documents\International Data\OECD\data\all_dataflows_previous.xlsx
2024-12-19 17:22:06,901 - ERROR - Error during comparison: [Errno 13] Permission denied: 'C:\\Users\\veena.prabhakar\\OneDrive - Jisc\\Documents\\International Data\\OECD\\data\\all_dataflows_previous.xlsx'
2024-12-19 17:22:06,902 - ERROR - Error during fetch and identify changes: [WinError 32] The process cannot access the file because it is being used by another process: 'C:\\Users\\veena.prabhakar\\OneDrive - Jisc\\Documents\\International Data\\OECD\\data\\all_dataflows_previous.xlsx' -> 'C:\\Users\\veena.prabhakar\\OneDrive - Jisc\\Documents\\International Data\\OECD\\data\\archive\\old_data_20241219_172206.xlsx'
2024-12-19 17:22:06,903 - INFO - Executing API data download for New Inserts...
2024-12-19 17:22:06,906 - INFO - Loading data changes file: C:\Users\veena.prabhakar\OneDrive - Jisc\Documents\International Data\OECD\data\data_changes.xlsx
2024-12-19 17:22:07,418 - INFO - Downloading data from: https://sdmx.oecd.org/public/rest/data/OECD.CFE.EDS,DSD_FUA_CLIM@DF_COASTAL_FLOOD?format=csvfilewithlabels
2024-12-19 17:22:07,918 - INFO - Data successfully saved to: C:\Users\veena.prabhakar\OneDrive - Jisc\Documents\International Data\OECD\output\OECD.CFE.EDS_DSD_FUA_CLIM@DF_COASTAL_FLOOD_ALL.csv
2024-12-19 17:22:07,919 - INFO - Downloading metadata from: https://sdmx.oecd.org/public/rest/dataflow/OECD.CFE.EDS/DSD_FUA_CLIM@DF_COASTAL_FLOOD/1?references=all
2024-12-19 17:22:08,037 - INFO - Metadata successfully saved to: C:\Users\veena.prabhakar\OneDrive - Jisc\Documents\International Data\OECD\output\OECD.CFE.EDS_DSD_FUA_CLIM@DF_COASTAL_FLOOD_metadata.xml
2024-12-19 17:22:08,038 - INFO - Completed download for Dataflow ID: DSD_FUA_CLIM@DF_COASTAL_FLOOD, Agency ID: OECD.CFE.EDS, Version: 1
2024-12-19 17:22:08,039 - INFO - --------------------------------------------------------------------------------
2024-12-19 17:22:08,044 - INFO - Job execution complete.
2024-12-19 17:22:24,244 - INFO - Starting main job orchestration...
2024-12-19 17:22:24,245 - INFO - Executing data comparison job...
2024-12-19 17:22:24,247 - INFO - Running data_fetcher.py from: C:\Users\veena.prabhakar\OneDrive - Jisc\Documents\International Data\OECD\Functions\data_fetcher.py
2024-12-19 17:22:26,488 - INFO - New data fetched successfully. Proceeding to compare changes...
2024-12-19 17:22:26,497 - INFO - Comparing old and new data files...
2024-12-19 17:22:26,498 - INFO - Loading old data file: C:\Users\veena.prabhakar\OneDrive - Jisc\Documents\International Data\OECD\data\all_dataflows_previous.xlsx
2024-12-19 17:22:26,823 - INFO - Loading new data file: C:\Users\veena.prabhakar\OneDrive - Jisc\Documents\International Data\OECD\data\all_dataflows_new.xlsx
2024-12-19 17:22:26,964 - INFO - Merging old and new data for comparison...
2024-12-19 17:22:26,975 - INFO - Identifying updated records...
2024-12-19 17:22:26,976 - INFO - Filtering rows with no changes...
2024-12-19 17:22:26,977 - INFO - Sorting records by columns...
2024-12-19 17:22:26,982 - INFO - Archived data_changes.xlsx to C:\Users\veena.prabhakar\OneDrive - Jisc\Documents\International Data\OECD\data\archive\data_changes_20241219_172226.xlsx
2024-12-19 17:22:27,005 - INFO - Changes saved successfully to C:\Users\veena.prabhakar\OneDrive - Jisc\Documents\International Data\OECD\data\data_changes.xlsx
2024-12-19 17:22:27,010 - INFO - Archived all_dataflows_previous.xlsx to C:\Users\veena.prabhakar\OneDrive - Jisc\Documents\International Data\OECD\data\archive\old_data_20241219_172227.xlsx
2024-12-19 17:22:27,012 - INFO - Old file successfully updated with new data.
2024-12-19 17:22:27,013 - INFO - Executing API data download for New Inserts...
2024-12-19 17:22:27,016 - INFO - Loading data changes file: C:\Users\veena.prabhakar\OneDrive - Jisc\Documents\International Data\OECD\data\data_changes.xlsx
2024-12-19 17:22:27,029 - INFO - Downloading data from: https://sdmx.oecd.org/public/rest/data/OECD.CFE.EDS,DSD_FUA_CLIM@DF_FIRES?format=csvfilewithlabels
2024-12-19 17:22:42,196 - INFO - Data successfully saved to: C:\Users\veena.prabhakar\OneDrive - Jisc\Documents\International Data\OECD\output\OECD.CFE.EDS_DSD_FUA_CLIM@DF_FIRES_ALL.csv
2024-12-19 17:22:42,201 - INFO - Downloading metadata from: https://sdmx.oecd.org/public/rest/dataflow/OECD.CFE.EDS/DSD_FUA_CLIM@DF_FIRES/1?references=all
2024-12-19 17:22:42,365 - INFO - Metadata successfully saved to: C:\Users\veena.prabhakar\OneDrive - Jisc\Documents\International Data\OECD\output\OECD.CFE.EDS_DSD_FUA_CLIM@DF_FIRES_metadata.xml
2024-12-19 17:22:42,368 - INFO - Completed download for Dataflow ID: DSD_FUA_CLIM@DF_FIRES, Agency ID: OECD.CFE.EDS, Version: 1
2024-12-19 17:22:42,369 - INFO - --------------------------------------------------------------------------------
2024-12-19 17:22:42,374 - INFO - Job execution complete.
2024-12-19 17:29:21,496 - INFO - Starting main job orchestration...
2024-12-19 17:29:21,500 - INFO - Executing data comparison job...
2024-12-19 17:29:21,504 - INFO - Running data_fetcher.py from: C:\Users\veena.prabhakar\OneDrive - Jisc\Documents\International Data\OECD\Functions\data_fetcher.py
2024-12-19 17:29:23,927 - INFO - New data fetched successfully. Proceeding to compare changes...
2024-12-19 17:29:23,936 - INFO - Comparing old and new data files...
2024-12-19 17:29:23,936 - INFO - Loading old data file: C:\Users\veena.prabhakar\OneDrive - Jisc\Documents\International Data\OECD\data\all_dataflows_previous.xlsx
2024-12-19 17:29:24,505 - INFO - Loading new data file: C:\Users\veena.prabhakar\OneDrive - Jisc\Documents\International Data\OECD\data\all_dataflows_new.xlsx
2024-12-19 17:29:24,614 - INFO - Merging old and new data for comparison...
2024-12-19 17:29:24,622 - INFO - Identifying updated records...
2024-12-19 17:29:24,623 - INFO - Filtering rows with no changes...
2024-12-19 17:29:24,624 - INFO - Sorting records by columns...
2024-12-19 17:29:24,625 - INFO - No changes detected. No result file created.
2024-12-19 17:29:24,625 - ERROR - Error during fetch and identify changes: name 'archive_file' is not defined
2024-12-19 17:29:24,625 - INFO - Executing API data download for New Inserts...
2024-12-19 17:29:24,628 - INFO - No data changes file found: 'C:\Users\veena.prabhakar\OneDrive - Jisc\Documents\International Data\OECD\data\data_changes.xlsx'
2024-12-19 17:29:24,628 - INFO - Job execution complete.
2024-12-19 17:30:10,532 - INFO - Starting main job orchestration...
2024-12-19 17:30:10,533 - INFO - Executing data comparison job...
2024-12-19 17:30:10,535 - INFO - Running data_fetcher.py from: C:\Users\veena.prabhakar\OneDrive - Jisc\Documents\International Data\OECD\Functions\data_fetcher.py
2024-12-19 17:30:12,745 - INFO - New data fetched successfully. Proceeding to compare changes...
2024-12-19 17:30:12,746 - INFO - Comparing old and new data files...
2024-12-19 17:30:12,746 - INFO - Loading old data file: C:\Users\veena.prabhakar\OneDrive - Jisc\Documents\International Data\OECD\data\all_dataflows_previous.xlsx
2024-12-19 17:30:13,286 - INFO - Loading new data file: C:\Users\veena.prabhakar\OneDrive - Jisc\Documents\International Data\OECD\data\all_dataflows_new.xlsx
2024-12-19 17:30:13,369 - INFO - Merging old and new data for comparison...
2024-12-19 17:30:13,380 - INFO - Identifying updated records...
2024-12-19 17:30:13,380 - INFO - Filtering rows with no changes...
2024-12-19 17:30:13,383 - INFO - Sorting records by columns...
2024-12-19 17:30:13,385 - INFO - No changes detected. No result file created.
2024-12-19 17:30:13,386 - ERROR - Error during fetch and identify changes: name 'archive_file' is not defined
2024-12-19 17:30:13,387 - INFO - Executing API data download for New Inserts...
2024-12-19 17:30:13,390 - INFO - No data changes file found: 'C:\Users\veena.prabhakar\OneDrive - Jisc\Documents\International Data\OECD\data\data_changes.xlsx'
2024-12-19 17:30:13,391 - INFO - Job execution complete.
2024-12-19 17:30:24,209 - INFO - Starting main job orchestration...
2024-12-19 17:30:24,211 - INFO - Executing data comparison job...
2024-12-19 17:30:24,212 - INFO - Running data_fetcher.py from: C:\Users\veena.prabhakar\OneDrive - Jisc\Documents\International Data\OECD\Functions\data_fetcher.py
2024-12-19 17:30:26,669 - INFO - New data fetched successfully. Proceeding to compare changes...
2024-12-19 17:30:26,670 - INFO - Comparing old and new data files...
2024-12-19 17:30:26,671 - INFO - Loading old data file: C:\Users\veena.prabhakar\OneDrive - Jisc\Documents\International Data\OECD\data\all_dataflows_previous.xlsx
2024-12-19 17:30:27,242 - INFO - Loading new data file: C:\Users\veena.prabhakar\OneDrive - Jisc\Documents\International Data\OECD\data\all_dataflows_new.xlsx
2024-12-19 17:30:27,326 - INFO - Merging old and new data for comparison...
2024-12-19 17:30:27,335 - INFO - Identifying updated records...
2024-12-19 17:30:27,336 - INFO - Filtering rows with no changes...
2024-12-19 17:30:27,338 - INFO - Sorting records by columns...
2024-12-19 17:30:27,339 - INFO - No changes detected. No result file created.
2024-12-19 17:30:27,343 - INFO - Archived all_dataflows_previous.xlsx to C:\Users\veena.prabhakar\OneDrive - Jisc\Documents\International Data\OECD\data\archive\old_data_20241219_173027.xlsx
2024-12-19 17:30:27,360 - INFO - Old file successfully updated with new data.
2024-12-19 17:30:27,361 - INFO - Executing API data download for New Inserts...
2024-12-19 17:30:27,364 - INFO - No data changes file found: 'C:\Users\veena.prabhakar\OneDrive - Jisc\Documents\International Data\OECD\data\data_changes.xlsx'
2024-12-19 17:30:27,365 - INFO - Job execution complete.
