2024-12-20 10:01:04,982 - INFO - Starting main job orchestration...
2024-12-20 10:01:04,984 - INFO - Executing data fetching job...
2024-12-20 10:01:12,425 - INFO - Renaming C:\Users\veena.prabhakar\OneDrive - Jisc\Documents\International Data\OECD\data\all_dataflows_new.xlsx to C:\Users\veena.prabhakar\OneDrive - Jisc\Documents\International Data\OECD\data\all_dataflows_previous.xlsx
2024-12-20 10:01:12,427 - INFO - File renamed successfully: C:\Users\veena.prabhakar\OneDrive - Jisc\Documents\International Data\OECD\data\all_dataflows_new.xlsx -> C:\Users\veena.prabhakar\OneDrive - Jisc\Documents\International Data\OECD\data\all_dataflows_previous.xlsx
2024-12-20 10:01:12,428 - INFO - Job execution complete.
2024-12-20 11:02:14,135 - INFO - Starting main job orchestration...
2024-12-20 11:02:14,136 - INFO - Executing data comparison job...
2024-12-20 11:02:14,138 - INFO - Running data_fetcher.py from: C:\Users\veena.prabhakar\OneDrive - Jisc\Documents\International Data\OECD\Functions\data_fetcher.py
2024-12-20 11:02:16,907 - INFO - New data fetched successfully. Proceeding to compare changes...
2024-12-20 11:02:16,907 - INFO - Comparing old and new data files...
2024-12-20 11:02:16,908 - INFO - Loading old data file: C:\Users\veena.prabhakar\OneDrive - Jisc\Documents\International Data\OECD\data\all_dataflows_previous.xlsx
2024-12-20 11:02:17,514 - INFO - Loading new data file: C:\Users\veena.prabhakar\OneDrive - Jisc\Documents\International Data\OECD\data\all_dataflows_new.xlsx
2024-12-20 11:02:17,609 - INFO - Merging old and new data for comparison...
2024-12-20 11:02:17,645 - INFO - Identifying updated records...
2024-12-20 11:02:17,646 - INFO - Filtering rows with no changes...
2024-12-20 11:02:17,647 - INFO - Sorting records by columns...
2024-12-20 11:02:17,648 - INFO - No changes detected. No result file created.
2024-12-20 11:02:17,651 - INFO - Archived all_dataflows_previous.xlsx to C:\Users\veena.prabhakar\OneDrive - Jisc\Documents\International Data\OECD\data\archive\old_data_20241220_110217.xlsx
2024-12-20 11:02:17,655 - INFO - Old file successfully updated with new data.
2024-12-20 11:02:17,655 - INFO - Executing API data download for New Inserts...
2024-12-20 11:02:17,659 - INFO - No data changes file found: 'C:\Users\veena.prabhakar\OneDrive - Jisc\Documents\International Data\OECD\data\data_changes.xlsx'
2024-12-20 11:02:17,660 - INFO - Job execution complete.
2024-12-20 11:02:51,960 - INFO - Starting main job orchestration...
2024-12-20 11:02:51,961 - INFO - Executing data comparison job...
2024-12-20 11:02:51,963 - INFO - Running data_fetcher.py from: C:\Users\veena.prabhakar\OneDrive - Jisc\Documents\International Data\OECD\Functions\data_fetcher.py
2024-12-20 11:02:54,316 - INFO - New data fetched successfully. Proceeding to compare changes...
2024-12-20 11:02:54,317 - INFO - Comparing old and new data files...
2024-12-20 11:02:54,317 - INFO - Loading old data file: C:\Users\veena.prabhakar\OneDrive - Jisc\Documents\International Data\OECD\data\all_dataflows_previous.xlsx
2024-12-20 11:02:54,671 - INFO - Loading new data file: C:\Users\veena.prabhakar\OneDrive - Jisc\Documents\International Data\OECD\data\all_dataflows_new.xlsx
2024-12-20 11:02:54,779 - INFO - Merging old and new data for comparison...
2024-12-20 11:02:54,885 - INFO - Identifying updated records...
2024-12-20 11:02:54,885 - INFO - Filtering rows with no changes...
2024-12-20 11:02:54,887 - INFO - Sorting records by columns...
2024-12-20 11:02:54,919 - INFO - Changes saved successfully to C:\Users\veena.prabhakar\OneDrive - Jisc\Documents\International Data\OECD\data\data_changes.xlsx
2024-12-20 11:02:54,924 - INFO - Archived all_dataflows_previous.xlsx to C:\Users\veena.prabhakar\OneDrive - Jisc\Documents\International Data\OECD\data\archive\old_data_20241220_110254.xlsx
2024-12-20 11:02:54,928 - INFO - Old file successfully updated with new data.
2024-12-20 11:02:54,930 - INFO - Executing API data download for New Inserts...
2024-12-20 11:02:54,935 - INFO - Loading data changes file: C:\Users\veena.prabhakar\OneDrive - Jisc\Documents\International Data\OECD\data\data_changes.xlsx
2024-12-20 11:02:54,948 - INFO - Downloading data from: https://sdmx.oecd.org/public/rest/data/OECD.CFE.EDS,DSD_FUA_CLIM@DF_HEAT_STRESS?format=csvfilewithlabels
2024-12-20 11:03:20,975 - INFO - Data successfully saved to: C:\Users\veena.prabhakar\OneDrive - Jisc\Documents\International Data\OECD\output\OECD.CFE.EDS_DSD_FUA_CLIM@DF_HEAT_STRESS_ALL.csv
2024-12-20 11:03:20,976 - INFO - Downloading metadata from: https://sdmx.oecd.org/public/rest/dataflow/OECD.CFE.EDS/DSD_FUA_CLIM@DF_HEAT_STRESS/1?references=all
2024-12-20 11:03:25,106 - INFO - Metadata successfully saved to: C:\Users\veena.prabhakar\OneDrive - Jisc\Documents\International Data\OECD\output\OECD.CFE.EDS_DSD_FUA_CLIM@DF_HEAT_STRESS_metadata.xml
2024-12-20 11:03:25,107 - INFO - Completed download for Dataflow ID: DSD_FUA_CLIM@DF_HEAT_STRESS, Agency ID: OECD.CFE.EDS, Version: 1
2024-12-20 11:03:25,107 - INFO - --------------------------------------------------------------------------------
2024-12-20 11:03:25,119 - INFO - Job execution complete.
2024-12-20 11:09:42,409 - INFO - Starting main job orchestration...
2024-12-20 11:09:42,410 - INFO - Executing data comparison job...
2024-12-20 11:09:42,412 - INFO - Running data_fetcher.py from: C:\Users\veena.prabhakar\OneDrive - Jisc\Documents\International Data\OECD\Functions\data_fetcher.py
2024-12-20 11:09:45,036 - INFO - New data fetched successfully. Proceeding to compare changes...
2024-12-20 11:09:45,037 - INFO - Comparing old and new data files...
2024-12-20 11:09:45,038 - INFO - Loading old data file: C:\Users\veena.prabhakar\OneDrive - Jisc\Documents\International Data\OECD\data\all_dataflows_previous.xlsx
2024-12-20 11:09:45,413 - INFO - Loading new data file: C:\Users\veena.prabhakar\OneDrive - Jisc\Documents\International Data\OECD\data\all_dataflows_new.xlsx
2024-12-20 11:09:45,575 - INFO - Merging old and new data for comparison...
2024-12-20 11:09:45,652 - INFO - Identifying updated records...
2024-12-20 11:09:45,652 - INFO - Filtering rows with no changes...
2024-12-20 11:09:45,654 - INFO - Sorting records by columns...
2024-12-20 11:09:45,657 - INFO - Archived data_changes.xlsx to C:\Users\veena.prabhakar\OneDrive - Jisc\Documents\International Data\OECD\data\archive\data_changes_20241220_110945.xlsx
2024-12-20 11:09:45,679 - INFO - Changes saved successfully to C:\Users\veena.prabhakar\OneDrive - Jisc\Documents\International Data\OECD\data\data_changes.xlsx
2024-12-20 11:09:45,682 - INFO - Archived all_dataflows_previous.xlsx to C:\Users\veena.prabhakar\OneDrive - Jisc\Documents\International Data\OECD\data\archive\old_data_20241220_110945.xlsx
2024-12-20 11:09:45,684 - INFO - Old file successfully updated with new data.
2024-12-20 11:09:45,690 - INFO - Executing API data download for New Inserts...
2024-12-20 11:09:45,710 - INFO - Loading data changes file: C:\Users\veena.prabhakar\OneDrive - Jisc\Documents\International Data\OECD\data\data_changes.xlsx
2024-12-20 11:09:45,725 - INFO - Downloading data from: https://sdmx.oecd.org/public/rest/data/OECD.CFE.EDS,DSD_FUA_CLIM@DF_COASTAL_FLOOD?format=csvfilewithlabels
2024-12-20 11:10:04,717 - INFO - Data successfully saved to: C:\Users\veena.prabhakar\OneDrive - Jisc\Documents\International Data\OECD\output\OECD.CFE.EDS_DSD_FUA_CLIM@DF_COASTAL_FLOOD_ALL.csv
2024-12-20 11:10:04,718 - INFO - Downloading metadata from: https://sdmx.oecd.org/public/rest/dataflow/OECD.CFE.EDS/DSD_FUA_CLIM@DF_COASTAL_FLOOD/1?references=all
2024-12-20 11:10:07,772 - INFO - Metadata successfully saved to: C:\Users\veena.prabhakar\OneDrive - Jisc\Documents\International Data\OECD\output\OECD.CFE.EDS_DSD_FUA_CLIM@DF_COASTAL_FLOOD_metadata.xml
2024-12-20 11:10:07,773 - INFO - Completed download for Dataflow ID: DSD_FUA_CLIM@DF_COASTAL_FLOOD, Agency ID: OECD.CFE.EDS, Version: 1
2024-12-20 11:10:07,773 - INFO - --------------------------------------------------------------------------------
2024-12-20 11:10:07,774 - INFO - Downloading data from: https://sdmx.oecd.org/public/rest/data/OECD.CFE.EDS,DSD_FUA_CLIM@DF_FIRES?format=csvfilewithlabels
2024-12-20 11:10:18,946 - INFO - Data successfully saved to: C:\Users\veena.prabhakar\OneDrive - Jisc\Documents\International Data\OECD\output\OECD.CFE.EDS_DSD_FUA_CLIM@DF_FIRES_ALL.csv
2024-12-20 11:10:18,947 - INFO - Downloading metadata from: https://sdmx.oecd.org/public/rest/dataflow/OECD.CFE.EDS/DSD_FUA_CLIM@DF_FIRES/1?references=all
2024-12-20 11:10:23,215 - INFO - Metadata successfully saved to: C:\Users\veena.prabhakar\OneDrive - Jisc\Documents\International Data\OECD\output\OECD.CFE.EDS_DSD_FUA_CLIM@DF_FIRES_metadata.xml
2024-12-20 11:10:23,215 - INFO - Completed download for Dataflow ID: DSD_FUA_CLIM@DF_FIRES, Agency ID: OECD.CFE.EDS, Version: 1
2024-12-20 11:10:23,215 - INFO - --------------------------------------------------------------------------------
2024-12-20 11:10:23,220 - INFO - Job execution complete.
2024-12-20 11:26:36,088 - INFO - Starting main job orchestration...
2024-12-20 11:26:36,089 - INFO - Executing data comparison job...
2024-12-20 11:26:36,090 - INFO - Running data_fetcher.py from: C:\Users\veena.prabhakar\OneDrive - Jisc\Documents\International Data\OECD\Functions\data_fetcher.py
2024-12-20 11:26:38,168 - INFO - New data fetched successfully. Proceeding to compare changes...
2024-12-20 11:26:38,168 - INFO - Old file not found. Creating baseline...
2024-12-20 11:26:38,170 - INFO - Baseline file created successfully.
2024-12-20 11:26:38,171 - INFO - Executing API data download for New Inserts...
2024-12-20 11:26:38,173 - INFO - No data changes file found: 'C:\Users\veena.prabhakar\OneDrive - Jisc\Documents\International Data\OECD\data\data_changes.xlsx'
2024-12-20 11:26:38,174 - INFO - Job execution complete.
2024-12-20 11:30:52,343 - INFO - Starting main job orchestration...
2024-12-20 11:30:52,344 - INFO - Executing data comparison job...
2024-12-20 11:30:52,346 - INFO - Running data_fetcher.py from: C:\Users\veena.prabhakar\OneDrive - Jisc\Documents\International Data\OECD\Functions\data_fetcher.py
2024-12-20 11:30:53,612 - INFO - New data fetched successfully. Proceeding to compare changes...
2024-12-20 11:30:53,613 - INFO - Comparing old and new data files...
2024-12-20 11:30:53,619 - INFO - Loading old data file: C:\Users\veena.prabhakar\OneDrive - Jisc\Documents\International Data\OECD\data\all_dataflows_previous.xlsx
2024-12-20 11:30:53,948 - INFO - Loading new data file: C:\Users\veena.prabhakar\OneDrive - Jisc\Documents\International Data\OECD\data\all_dataflows_new.xlsx
2024-12-20 11:30:53,949 - ERROR - Error during comparison: [Errno 2] No such file or directory: 'C:\\Users\\veena.prabhakar\\OneDrive - Jisc\\Documents\\International Data\\OECD\\data\\all_dataflows_new.xlsx'
2024-12-20 11:30:53,961 - INFO - Archived all_dataflows_previous.xlsx to C:\Users\veena.prabhakar\OneDrive - Jisc\Documents\International Data\OECD\data\archive\old_data_20241220_113053.xlsx
2024-12-20 11:30:53,972 - ERROR - Error during fetch and identify changes: [WinError 2] The system cannot find the file specified: 'C:\\Users\\veena.prabhakar\\OneDrive - Jisc\\Documents\\International Data\\OECD\\data\\all_dataflows_new.xlsx' -> 'C:\\Users\\veena.prabhakar\\OneDrive - Jisc\\Documents\\International Data\\OECD\\data\\all_dataflows_previous.xlsx'
2024-12-20 11:30:53,973 - INFO - Executing API data download for New Inserts...
2024-12-20 11:30:53,975 - INFO - No data changes file found: 'C:\Users\veena.prabhakar\OneDrive - Jisc\Documents\International Data\OECD\data\data_changes.xlsx'
2024-12-20 11:30:53,976 - INFO - Job execution complete.
2024-12-20 11:32:09,918 - INFO - Starting main job orchestration...
2024-12-20 11:32:09,920 - INFO - Executing data fetching job...
2024-12-20 11:32:09,922 - WARNING - New file not found: C:\Users\veena.prabhakar\OneDrive - Jisc\Documents\International Data\OECD\data\all_dataflows_new.xlsx. Skipping rename operation.
2024-12-20 11:32:09,922 - INFO - Job execution complete.
2024-12-20 11:32:29,504 - INFO - Starting main job orchestration...
2024-12-20 11:32:29,506 - INFO - Executing data fetching job...
2024-12-20 11:32:29,508 - WARNING - New file not found: C:\Users\veena.prabhakar\OneDrive - Jisc\Documents\International Data\OECD\data\all_dataflows_new.xlsx. Skipping rename operation.
2024-12-20 11:32:29,508 - INFO - Job execution complete.
2024-12-20 11:33:52,778 - INFO - Starting main job orchestration...
2024-12-20 11:33:52,780 - INFO - Executing data fetching job...
2024-12-20 11:33:52,781 - WARNING - New file not found: C:\Users\veena.prabhakar\OneDrive - Jisc\Documents\International Data\OECD\data\all_dataflows_new.xlsx. Skipping rename operation.
2024-12-20 11:33:52,782 - INFO - Job execution complete.
2024-12-20 11:34:12,125 - INFO - Starting main job orchestration...
2024-12-20 11:34:12,127 - INFO - Executing data fetching job...
2024-12-20 11:34:12,888 - INFO - Renaming C:\Users\veena.prabhakar\OneDrive - Jisc\Documents\International Data\OECD\data\all_dataflows_new.xlsx to C:\Users\veena.prabhakar\OneDrive - Jisc\Documents\International Data\OECD\data\all_dataflows_previous.xlsx
2024-12-20 11:34:12,891 - INFO - File renamed successfully: C:\Users\veena.prabhakar\OneDrive - Jisc\Documents\International Data\OECD\data\all_dataflows_new.xlsx -> C:\Users\veena.prabhakar\OneDrive - Jisc\Documents\International Data\OECD\data\all_dataflows_previous.xlsx
2024-12-20 11:34:12,891 - INFO - Job execution complete.
2024-12-20 11:47:48,353 - INFO - Starting main job orchestration...
2024-12-20 11:47:48,355 - INFO - Executing data fetching job...
2024-12-20 11:47:49,147 - INFO - Renaming C:\Users\veena.prabhakar\OneDrive - Jisc\Documents\International Data\OECD\data\all_dataflows_new.xlsx to C:\Users\veena.prabhakar\OneDrive - Jisc\Documents\International Data\OECD\data\all_dataflows_previous.xlsx
2024-12-20 11:47:49,152 - INFO - File renamed successfully: C:\Users\veena.prabhakar\OneDrive - Jisc\Documents\International Data\OECD\data\all_dataflows_new.xlsx -> C:\Users\veena.prabhakar\OneDrive - Jisc\Documents\International Data\OECD\data\all_dataflows_previous.xlsx
2024-12-20 11:47:49,155 - INFO - Job execution complete.
2024-12-20 11:48:01,639 - INFO - Starting main job orchestration...
2024-12-20 11:48:01,641 - INFO - Executing data fetching job...
2024-12-20 11:48:02,305 - INFO - Renaming C:\Users\veena.prabhakar\OneDrive - Jisc\Documents\International Data\OECD\data\all_dataflows_new.xlsx to C:\Users\veena.prabhakar\OneDrive - Jisc\Documents\International Data\OECD\data\all_dataflows_previous.xlsx
2024-12-20 11:48:02,308 - INFO - File renamed successfully: C:\Users\veena.prabhakar\OneDrive - Jisc\Documents\International Data\OECD\data\all_dataflows_new.xlsx -> C:\Users\veena.prabhakar\OneDrive - Jisc\Documents\International Data\OECD\data\all_dataflows_previous.xlsx
2024-12-20 11:48:02,309 - INFO - Job execution complete.
2024-12-20 11:48:15,115 - INFO - Starting main job orchestration...
2024-12-20 11:48:15,116 - INFO - Executing data comparison job...
2024-12-20 11:48:15,118 - INFO - Running data_fetcher.py from: C:\Users\veena.prabhakar\OneDrive - Jisc\Documents\International Data\OECD\Functions\data_fetcher.py
2024-12-20 11:48:17,199 - INFO - New data fetched successfully. Proceeding to compare changes...
2024-12-20 11:48:17,200 - INFO - Comparing old and new data files...
2024-12-20 11:48:17,200 - INFO - Loading old data file: C:\Users\veena.prabhakar\OneDrive - Jisc\Documents\International Data\OECD\data\all_dataflows_previous.xlsx
2024-12-20 11:48:17,720 - INFO - Loading new data file: C:\Users\veena.prabhakar\OneDrive - Jisc\Documents\International Data\OECD\data\all_dataflows_new.xlsx
2024-12-20 11:48:17,817 - INFO - Merging old and new data for comparison...
2024-12-20 11:48:17,825 - INFO - Identifying updated records...
2024-12-20 11:48:17,826 - INFO - Filtering rows with no changes...
2024-12-20 11:48:17,828 - INFO - Sorting records by columns...
2024-12-20 11:48:17,839 - INFO - No changes detected. No result file created.
2024-12-20 11:48:17,842 - INFO - Archived all_dataflows_previous.xlsx to C:\Users\veena.prabhakar\OneDrive - Jisc\Documents\International Data\OECD\data\archive\old_data_20241220_114817.xlsx
2024-12-20 11:48:17,844 - INFO - Old file successfully updated with new data.
2024-12-20 11:48:17,844 - INFO - Executing API data download for New Inserts...
2024-12-20 11:48:17,847 - INFO - No data changes file found: 'C:\Users\veena.prabhakar\OneDrive - Jisc\Documents\International Data\OECD\data\data_changes.xlsx'
2024-12-20 11:48:17,847 - INFO - Job execution complete.
2024-12-20 11:48:37,899 - INFO - Starting main job orchestration...
2024-12-20 11:48:37,900 - INFO - Executing data comparison job...
2024-12-20 11:48:37,902 - INFO - Running data_fetcher.py from: C:\Users\veena.prabhakar\OneDrive - Jisc\Documents\International Data\OECD\Functions\data_fetcher.py
2024-12-20 11:48:40,048 - INFO - New data fetched successfully. Proceeding to compare changes...
2024-12-20 11:48:40,049 - INFO - Comparing old and new data files...
2024-12-20 11:48:40,049 - INFO - Loading old data file: C:\Users\veena.prabhakar\OneDrive - Jisc\Documents\International Data\OECD\data\all_dataflows_previous.xlsx
2024-12-20 11:48:40,415 - INFO - Loading new data file: C:\Users\veena.prabhakar\OneDrive - Jisc\Documents\International Data\OECD\data\all_dataflows_new.xlsx
2024-12-20 11:48:40,568 - INFO - Merging old and new data for comparison...
2024-12-20 11:48:40,582 - INFO - Identifying updated records...
2024-12-20 11:48:40,583 - INFO - Filtering rows with no changes...
2024-12-20 11:48:40,585 - INFO - Sorting records by columns...
2024-12-20 11:48:40,643 - INFO - Changes saved successfully to C:\Users\veena.prabhakar\OneDrive - Jisc\Documents\International Data\OECD\data\data_changes.xlsx
2024-12-20 11:48:40,646 - INFO - Archived all_dataflows_previous.xlsx to C:\Users\veena.prabhakar\OneDrive - Jisc\Documents\International Data\OECD\data\archive\old_data_20241220_114840.xlsx
2024-12-20 11:48:40,648 - INFO - Old file successfully updated with new data.
2024-12-20 11:48:40,648 - INFO - Executing API data download for New Inserts...
2024-12-20 11:48:40,651 - INFO - Loading data changes file: C:\Users\veena.prabhakar\OneDrive - Jisc\Documents\International Data\OECD\data\data_changes.xlsx
2024-12-20 11:48:40,669 - INFO - Downloading data from: https://sdmx.oecd.org/public/rest/data/OECD.CFE.EDS,DSD_FUA_CLIM@DF_COASTAL_FLOOD?format=csvfilewithlabels
2024-12-20 11:48:41,027 - INFO - Data successfully saved to: C:\Users\veena.prabhakar\OneDrive - Jisc\Documents\International Data\OECD\output\OECD.CFE.EDS_DSD_FUA_CLIM@DF_COASTAL_FLOOD_ALL.csv
2024-12-20 11:48:41,028 - INFO - Downloading metadata from: https://sdmx.oecd.org/public/rest/dataflow/OECD.CFE.EDS/DSD_FUA_CLIM@DF_COASTAL_FLOOD/1?references=all
2024-12-20 11:48:41,492 - INFO - Metadata successfully saved to: C:\Users\veena.prabhakar\OneDrive - Jisc\Documents\International Data\OECD\output\OECD.CFE.EDS_DSD_FUA_CLIM@DF_COASTAL_FLOOD_metadata.xml
2024-12-20 11:48:41,493 - INFO - Completed download for Dataflow ID: DSD_FUA_CLIM@DF_COASTAL_FLOOD, Agency ID: OECD.CFE.EDS, Version: 1
2024-12-20 11:48:41,493 - INFO - --------------------------------------------------------------------------------
2024-12-20 11:48:41,499 - INFO - Job execution complete.
2024-12-20 11:51:56,842 - INFO - Starting main job orchestration...
2024-12-20 11:51:56,843 - INFO - Executing data comparison job...
2024-12-20 11:51:56,845 - INFO - Running data_fetcher.py from: C:\Users\veena.prabhakar\OneDrive - Jisc\Documents\International Data\OECD\Functions\data_fetcher.py
2024-12-20 11:51:58,801 - INFO - New data fetched successfully. Proceeding to compare changes...
2024-12-20 11:51:58,802 - INFO - Comparing old and new data files...
2024-12-20 11:51:58,803 - INFO - Loading old data file: C:\Users\veena.prabhakar\OneDrive - Jisc\Documents\International Data\OECD\data\all_dataflows_previous.xlsx
2024-12-20 11:51:59,122 - INFO - Loading new data file: C:\Users\veena.prabhakar\OneDrive - Jisc\Documents\International Data\OECD\data\all_dataflows_new.xlsx
2024-12-20 11:51:59,254 - INFO - Merging old and new data for comparison...
2024-12-20 11:51:59,267 - INFO - Identifying updated records...
2024-12-20 11:51:59,267 - INFO - Filtering rows with no changes...
2024-12-20 11:51:59,269 - INFO - Sorting records by columns...
2024-12-20 11:51:59,274 - INFO - Archived data_changes.xlsx to C:\Users\veena.prabhakar\OneDrive - Jisc\Documents\International Data\OECD\data\archive\data_changes_20241220_115159.xlsx
2024-12-20 11:51:59,296 - INFO - Changes saved successfully to C:\Users\veena.prabhakar\OneDrive - Jisc\Documents\International Data\OECD\data\data_changes.xlsx
2024-12-20 11:51:59,340 - INFO - Archived all_dataflows_previous.xlsx to C:\Users\veena.prabhakar\OneDrive - Jisc\Documents\International Data\OECD\data\archive\old_data_20241220_115159.xlsx
2024-12-20 11:51:59,341 - INFO - Old file successfully updated with new data.
2024-12-20 11:51:59,341 - INFO - Executing API data download for New Inserts...
2024-12-20 11:51:59,343 - INFO - Loading data changes file: C:\Users\veena.prabhakar\OneDrive - Jisc\Documents\International Data\OECD\data\data_changes.xlsx
2024-12-20 11:51:59,352 - INFO - Downloading data from: https://sdmx.oecd.org/public/rest/data/OECD.CFE.EDS,DSD_FUA_CLIM@DF_HEAT_STRESS?format=csvfilewithlabels
2024-12-20 11:51:59,800 - INFO - Data successfully saved to: C:\Users\veena.prabhakar\OneDrive - Jisc\Documents\International Data\OECD\output\OECD.CFE.EDS_DSD_FUA_CLIM@DF_HEAT_STRESS_ALL.csv
2024-12-20 11:51:59,801 - INFO - Downloading metadata from: https://sdmx.oecd.org/public/rest/dataflow/OECD.CFE.EDS/DSD_FUA_CLIM@DF_HEAT_STRESS/1?references=all
2024-12-20 11:51:59,947 - INFO - Metadata successfully saved to: C:\Users\veena.prabhakar\OneDrive - Jisc\Documents\International Data\OECD\output\OECD.CFE.EDS_DSD_FUA_CLIM@DF_HEAT_STRESS_metadata.xml
2024-12-20 11:51:59,948 - INFO - Completed download for Dataflow ID: DSD_FUA_CLIM@DF_HEAT_STRESS, Agency ID: OECD.CFE.EDS, Version: 1
2024-12-20 11:51:59,948 - INFO - --------------------------------------------------------------------------------
2024-12-20 11:51:59,959 - INFO - Job execution complete.
2024-12-20 11:56:43,703 - INFO - Starting main job orchestration...
2024-12-20 11:56:43,705 - INFO - Executing data fetching job...
2024-12-20 11:56:44,588 - INFO - Renaming C:\Users\veena.prabhakar\New folder\International Data\OECD\data\all_dataflows_new.xlsx to C:\Users\veena.prabhakar\New folder\International Data\OECD\data\all_dataflows_previous.xlsx
2024-12-20 11:56:44,590 - INFO - File renamed successfully: C:\Users\veena.prabhakar\New folder\International Data\OECD\data\all_dataflows_new.xlsx -> C:\Users\veena.prabhakar\New folder\International Data\OECD\data\all_dataflows_previous.xlsx
2024-12-20 11:56:44,590 - INFO - Job execution complete.
2024-12-20 11:57:20,252 - INFO - Starting main job orchestration...
2024-12-20 11:57:20,252 - INFO - Executing data comparison job...
2024-12-20 11:57:20,254 - INFO - Running data_fetcher.py from: C:\Users\veena.prabhakar\New folder\International Data\OECD\Functions\data_fetcher.py
2024-12-20 11:57:22,366 - INFO - New data fetched successfully. Proceeding to compare changes...
2024-12-20 11:57:22,367 - INFO - Comparing old and new data files...
2024-12-20 11:57:22,367 - INFO - Loading old data file: C:\Users\veena.prabhakar\New folder\International Data\OECD\data\all_dataflows_previous.xlsx
2024-12-20 11:57:22,728 - INFO - Loading new data file: C:\Users\veena.prabhakar\New folder\International Data\OECD\data\all_dataflows_new.xlsx
2024-12-20 11:57:22,876 - INFO - Merging old and new data for comparison...
2024-12-20 11:57:22,890 - INFO - Identifying updated records...
2024-12-20 11:57:22,890 - INFO - Filtering rows with no changes...
2024-12-20 11:57:22,892 - INFO - Sorting records by columns...
2024-12-20 11:57:22,959 - INFO - Changes saved successfully to C:\Users\veena.prabhakar\New folder\International Data\OECD\data\data_changes.xlsx
2024-12-20 11:57:22,961 - INFO - Archived all_dataflows_previous.xlsx to C:\Users\veena.prabhakar\New folder\International Data\OECD\data\archive\old_data_20241220_115722.xlsx
2024-12-20 11:57:23,005 - INFO - Old file successfully updated with new data.
2024-12-20 11:57:23,006 - INFO - Executing API data download for New Inserts...
2024-12-20 11:57:23,007 - INFO - Loading data changes file: C:\Users\veena.prabhakar\New folder\International Data\OECD\data\data_changes.xlsx
2024-12-20 11:57:23,017 - INFO - Downloading data from: https://sdmx.oecd.org/public/rest/data/OECD.CFE.EDS,DSD_FUA_CLIM@DF_COASTAL_FLOOD?format=csvfilewithlabels
2024-12-20 11:57:24,407 - INFO - Data successfully saved to: C:\Users\veena.prabhakar\New folder\International Data\OECD\output\OECD.CFE.EDS_DSD_FUA_CLIM@DF_COASTAL_FLOOD_ALL.csv
2024-12-20 11:57:24,407 - INFO - Downloading metadata from: https://sdmx.oecd.org/public/rest/dataflow/OECD.CFE.EDS/DSD_FUA_CLIM@DF_COASTAL_FLOOD/1?references=all
2024-12-20 11:57:24,532 - INFO - Metadata successfully saved to: C:\Users\veena.prabhakar\New folder\International Data\OECD\output\OECD.CFE.EDS_DSD_FUA_CLIM@DF_COASTAL_FLOOD_metadata.xml
2024-12-20 11:57:24,532 - INFO - Completed download for Dataflow ID: DSD_FUA_CLIM@DF_COASTAL_FLOOD, Agency ID: OECD.CFE.EDS, Version: 1
2024-12-20 11:57:24,532 - INFO - --------------------------------------------------------------------------------
2024-12-20 11:57:24,539 - INFO - Job execution complete.
2024-12-20 12:00:38,528 - INFO - Starting main job orchestration...
2024-12-20 12:00:38,528 - INFO - Executing data comparison job...
2024-12-20 12:00:38,530 - INFO - Running data_fetcher.py from: C:\Users\veena.prabhakar\New folder\International Data\OECD\Functions\data_fetcher.py
2024-12-20 12:00:40,490 - INFO - New data fetched successfully. Proceeding to compare changes...
2024-12-20 12:00:40,490 - INFO - Comparing old and new data files...
2024-12-20 12:00:40,491 - INFO - Loading old data file: C:\Users\veena.prabhakar\New folder\International Data\OECD\data\all_dataflows_previous.xlsx
2024-12-20 12:00:40,800 - INFO - Loading new data file: C:\Users\veena.prabhakar\New folder\International Data\OECD\data\all_dataflows_new.xlsx
2024-12-20 12:00:40,903 - INFO - Merging old and new data for comparison...
2024-12-20 12:00:40,961 - INFO - Identifying updated records...
2024-12-20 12:00:40,961 - INFO - Filtering rows with no changes...
2024-12-20 12:00:40,962 - INFO - Sorting records by columns...
2024-12-20 12:00:40,964 - INFO - Archived data_changes.xlsx to C:\Users\veena.prabhakar\New folder\International Data\OECD\data\archive\data_changes_20241220_120040.xlsx
2024-12-20 12:00:40,980 - INFO - Changes saved successfully to C:\Users\veena.prabhakar\New folder\International Data\OECD\data\data_changes.xlsx
2024-12-20 12:00:40,982 - INFO - Archived all_dataflows_previous.xlsx to C:\Users\veena.prabhakar\New folder\International Data\OECD\data\archive\old_data_20241220_120040.xlsx
2024-12-20 12:00:40,987 - INFO - Old file successfully updated with new data.
2024-12-20 12:00:40,988 - INFO - Executing API data download for New Inserts...
2024-12-20 12:00:40,990 - INFO - Loading data changes file: C:\Users\veena.prabhakar\New folder\International Data\OECD\data\data_changes.xlsx
2024-12-20 12:00:41,000 - INFO - Downloading data from: https://sdmx.oecd.org/public/rest/data/OECD.CFE.EDS,DSD_FUA_CLIM@DF_FIRES?format=csvfilewithlabels
2024-12-20 12:00:41,283 - INFO - Data successfully saved to: C:\Users\veena.prabhakar\New folder\International Data\OECD\output\OECD.CFE.EDS_DSD_FUA_CLIM@DF_FIRES_ALL.csv
2024-12-20 12:00:41,283 - INFO - Downloading metadata from: https://sdmx.oecd.org/public/rest/dataflow/OECD.CFE.EDS/DSD_FUA_CLIM@DF_FIRES/1?references=all
2024-12-20 12:00:41,402 - INFO - Metadata successfully saved to: C:\Users\veena.prabhakar\New folder\International Data\OECD\output\OECD.CFE.EDS_DSD_FUA_CLIM@DF_FIRES_metadata.xml
2024-12-20 12:00:41,402 - INFO - Completed download for Dataflow ID: DSD_FUA_CLIM@DF_FIRES, Agency ID: OECD.CFE.EDS, Version: 1
2024-12-20 12:00:41,403 - INFO - --------------------------------------------------------------------------------
2024-12-20 12:00:41,406 - INFO - Job execution complete.
2024-12-20 12:01:45,409 - INFO - Starting main job orchestration...
2024-12-20 12:01:45,410 - INFO - Executing data comparison job...
2024-12-20 12:01:45,412 - INFO - Running data_fetcher.py from: C:\Users\veena.prabhakar\New folder\International Data\OECD\Functions\data_fetcher.py
2024-12-20 12:01:47,757 - INFO - New data fetched successfully. Proceeding to compare changes...
2024-12-20 12:01:47,758 - INFO - Comparing old and new data files...
2024-12-20 12:01:47,759 - INFO - Loading old data file: C:\Users\veena.prabhakar\New folder\International Data\OECD\data\all_dataflows_previous.xlsx
2024-12-20 12:01:48,093 - INFO - Loading new data file: C:\Users\veena.prabhakar\New folder\International Data\OECD\data\all_dataflows_new.xlsx
2024-12-20 12:01:48,250 - INFO - Merging old and new data for comparison...
2024-12-20 12:01:48,303 - INFO - Identifying updated records...
2024-12-20 12:01:48,304 - INFO - Filtering rows with no changes...
2024-12-20 12:01:48,305 - INFO - Sorting records by columns...
2024-12-20 12:01:48,307 - INFO - Archived data_changes.xlsx to C:\Users\veena.prabhakar\New folder\International Data\OECD\data\archive\data_changes_20241220_120148.xlsx
2024-12-20 12:01:48,326 - INFO - Changes saved successfully to C:\Users\veena.prabhakar\New folder\International Data\OECD\data\data_changes.xlsx
2024-12-20 12:01:48,327 - INFO - Archived all_dataflows_previous.xlsx to C:\Users\veena.prabhakar\New folder\International Data\OECD\data\archive\old_data_20241220_120148.xlsx
2024-12-20 12:01:48,328 - INFO - Old file successfully updated with new data.
2024-12-20 12:01:48,329 - INFO - Executing API data download for New Inserts...
2024-12-20 12:01:48,331 - INFO - Loading data changes file: C:\Users\veena.prabhakar\New folder\International Data\OECD\data\data_changes.xlsx
2024-12-20 12:01:48,339 - INFO - Downloading data from: https://sdmx.oecd.org/public/rest/data/OECD.CFE.EDS,DSD_FUA_ENER@DF_CDD_HDD?format=csvfilewithlabels
2024-12-20 12:02:04,539 - INFO - Data successfully saved to: C:\Users\veena.prabhakar\New folder\International Data\OECD\output\OECD.CFE.EDS_DSD_FUA_ENER@DF_CDD_HDD_ALL.csv
2024-12-20 12:02:04,539 - INFO - Downloading metadata from: https://sdmx.oecd.org/public/rest/dataflow/OECD.CFE.EDS/DSD_FUA_ENER@DF_CDD_HDD/1?references=all
2024-12-20 12:02:06,629 - INFO - Metadata successfully saved to: C:\Users\veena.prabhakar\New folder\International Data\OECD\output\OECD.CFE.EDS_DSD_FUA_ENER@DF_CDD_HDD_metadata.xml
2024-12-20 12:02:06,629 - INFO - Completed download for Dataflow ID: DSD_FUA_ENER@DF_CDD_HDD, Agency ID: OECD.CFE.EDS, Version: 1
2024-12-20 12:02:06,630 - INFO - --------------------------------------------------------------------------------
2024-12-20 12:02:06,635 - INFO - Job execution complete.
